<?xml version="1.0" encoding="UTF-8"?>
<!-- Generated by org.testng.reporters.JUnitReportReporter -->
<testsuite skipped="0" hostname="DESKTOP-C37E15E" name="quick.Excel.SampleTest" tests="1" failures="0" timestamp="17 Aug 2020 09:24:40 GMT" time="3.593" errors="0">
  <testcase name="samp" time="3.593" classname="quick.Excel.SampleTest"/>
</testsuite> <!-- quick.Excel.SampleTest -->
